Vivado Simulator 2018.2
Time resolution is 1 ps
      x
      x
      x
    -32
    -32
    -32
    -24
     -8
      8
     24
     32
     32
     32
     24
      8
     -8
    -24
    -32
    -32
    -32
    -16
      0
     16
     32
     32
     32
     24
      8
     -8
    -24
    -32
    -32
    -32
    -24
     -8
      8
     24
     32
     32
     32
     16
      0
    -16
    -32
    -32
    -32
    -24
     -8
      8
     24
     32
     32
     32
     24
      8
     -8
    -24
    -32
    -32
    -32
    -16
      0
     16
     32
     32
     32
     24
      8
     -8
    -24
    -32
    -32
    -32
    -24
     -8
      8
     24
     32
     32
     32
     16
      0
    -16
    -32
    -32
    -32
    -24
     -8
      8
     24
     32
     32
     32
     24
      8
     -8
    -24
    -32
    -32
    -32
    -16
      0
     16
     32
     32
     32
     24
      8
     -8
    -24
    -32
    -32
    -32
    -24
     -8
      8
     24
     32
     32
     32
     16
      0
    -16
    -32
    -32
    -32
    -24
     -8
      8
     24
     32
     32
     32
     24
      8
     -8
    -24
    -32
    -32
    -32
    -16
      0
     16
     32
     32
     32
     24
      8
     -8
    -24
    -32
    -32
    -32
    -24
     -8
      8
     24
     32
     32
     32
     16
      0
    -16
    -32
    -32
    -32
    -24
     -8
      8
     24
     32
     32
     32
     24
      8
     -8
    -24
    -32
    -32
    -32
    -16
      0
     16
     32
     32
     32
     24
      8
     -8
    -24
    -32
    -32
    -32
    -24
     -8
      8
     24
     32
     32
     32
     16
      0
    -16
    -32
    -32
    -32
    -24
     -8
      8
     24
     32
     32
     32
     24
      8
     -8
    -24
    -32
    -32
    -32
    -16
      0
     16
     32
     32
     32
     24
      8
     -8
    -24
    -32
    -32
    -32
    -24
     -8
      8
     24
     32
     32
     32
     16
      0
    -16
    -32
    -32
    -32
    -24
     -8
      8
     24
     32
     32
     32
     24
      8
     -8
    -24
    -32
    -32
    -32
    -16
      0
     16
     32
     32
     32
     24
      8
     -8
    -24
    -32
    -32
    -32
    -24
     -8
      8
     24
     32
     32
     32
     16
      0
    -16
    -32
    -32
    -32
    -24
     -8
      8
     24
     32
     32
     32
     24
      8
     -8
    -24
    -32
    -32
    -32
    -16
      0
     16
     32
     32
     32
     24
      8
     -8
    -24
    -32
    -32
    -32
    -24
     -8
      8
     24
     32
     32
     32
     16
      0
    -16
    -32
    -32
    -32
    -24
     -8
      8
     24
     32
     32
     32
     24
      8
     -8
    -24
    -32
    -32
    -32
    -16
      0
     16
     32
     32
     32
     24
      8
     -8
    -24
    -32
    -32
    -32
    -24
     -8
      8
     24
     32
     32
     32
     16
      0
    -16
    -32
    -32
    -32
    -24
     -8
      8
     24
     32
     32
     32
     24
      8
     -8
    -24
    -32
    -32
    -32
    -16
      0
     16
     32
     32
     32
     24
      8
     -8
    -24
    -32
    -32
    -32
    -24
     -8
      8
     24
     32
     32
     32
     16
      0
    -16
    -32
    -32
    -32
    -24
     -8
      8
     24
     32
     32
     32
     24
      8
     -8
    -24
    -32
    -32
    -32
    -16
      0
     16
     32
     32
     32
     24
      8
     -8
    -24
    -32
    -32
    -32
    -24
     -8
      8
     24
     32
     32
     32
     16
      0
    -16
    -32
    -32
    -32
    -24
     -8
      8
     24
     32
     32
     32
     24
      8
     -8
    -24
    -32
    -32
    -32
    -16
      0
     16
     32
     32
     32
     24
      8
     -8
    -24
    -32
    -32
    -32
    -24
     -8
      8
     24
     32
     32
     32
     16
      0
    -16
    -32
    -32
    -32
    -24
     -8
      8
     24
     32
     32
     32
     24
      8
     -8
    -24
    -32
    -32
    -32
