ISim log file
Running: D:\Students\Satyshev\ISE\Hilbert_v2\DDS_and_Hilbert_TB_isim_beh.exe -intstyle ise -gui -tclbatch isim.cmd -wdb D:/Students/Satyshev/ISE/Hilbert_v2/DDS_and_Hilbert_TB_isim_beh.wdb 
ISim P.20131013 (signature 0x7708f090)
WARNING: A WEBPACK license was found.
WARNING: Please use Xilinx License Configuration Manager to check out a full ISim license.
WARNING: ISim will run in Lite mode. Please refer to the ISim documentation for more information on the differences between the Lite and the Full version.
This is a Lite version of ISim.
Time resolution is 1 ps
# onerror resume
# wave add /
# run 1000 ns
Simulator is doing circuit initialization process.
Finished circuit initialization process.
     x
     x
     x
     x
     x
     0
   144
   144
   144
   144
   144
   144
   144
   144
   144
   144
   144
   144
   144
   144
   144
   144
   144
   144
   144
   144
   144
   144
   144
   144
   144
   144
   144
   144
   144
   144
   144
   144
   136
   136
   136
   136
   128
   128
   128
   120
   120
   120
   120
   112
   112
   112
   112
   104
   104
   104
   104
    96
    96
    96
    96
    88
    88
    88
    88
    80
    80
    80
    80
    72
    72
    72
    72
    72
    64
    64
    64
    64
    56
    56
    56
    56
    56
    48
    48
    48
    48
    48
    40
    40
    40
    40
    40
    32
    32
    32
    32
    32
    32
    24
    24
    24
    24
    24
    24
    24
    16
    16
    16
    16
    16
    16
    16
    16
    16
     8
     8
     8
     8
     8
     8
     8
     8
     8
     8
     8
     8
     0
     0
     0
     0
     0
     0
     0
     0
     0
     0
     0
     0
     0
     0
     0
     0
     0
     0
     0
     0
     0
     0
     0
     0
     0
     0
     0
     0
     0
     0
     8
     8
     8
     8
     8
     8
     8
     8
     8
     8
     8
     8
    16
    16
    16
    16
    16
    16
    16
    16
    16
    24
    24
    24
    24
    24
    24
    24
    32
    32
    32
    32
    32
    32
    40
    40
    40
    40
    40
    48
    48
    48
    48
    48
    56
    56
    56
    56
    56
    64
    64
    64
    64
    64
    72
    72
    72
    72
    80
    80
    80
    80
    88
    88
    88
    88
    96
    96
    96
    96
   104
   104
   104
   104
   112
   112
   112
   112
   120
   120
   120
   120
   128
   128
   128
   128
   136
   136
   136
   136
130936
130936
130936
130936
130944
130944
130944
130952
130952
130952
130952
130960
130960
130960
130960
130968
130968
130968
130968
130976
130976
130976
130976
130984
130984
130984
130984
130992
130992
130992
130992
131000
131000
131000
131000
131000
131008
131008
131008
131008
131016
131016
131016
131016
131016
131024
131024
131024
131024
131024
131032
131032
131032
131032
131032
131040
131040
131040
131040
131040
131040
131048
131048
131048
131048
131048
131048
131048
131056
131056
131056
131056
131056
131056
131056
131056
131056
131064
131064
131064
131064
131064
131064
131064
131064
131064
131064
131064
     0
     0
     0
     0
     0
     0
     0
     0
     0
     0
     0
     0
     0
     0
     0
     0
     0
     0
     0
     0
     0
     0
     0
     0
     0
     0
     0
     0
     0
     0
     0
     0
131064
131064
131064
131064
131064
131064
131064
131064
131064
131064
131064
131064
131056
131056
131056
131056
131056
131056
131056
131056
131048
131048
131048
131048
131048
131048
131048
131040
131040
131040
131040
131040
131040
131032
131032
131032
131032
131032
131024
131024
131024
131024
131024
131024
131016
131016
131016
131016
131008
131008
131008
131008
131008
131000
131000
131000
131000
130992
130992
130992
130992
130992
130984
130984
130984
130984
130976
130976
130976
130976
130968
130968
130968
130960
130960
130960
130960
130952
130952
130952
130952
130944
130944
130944
130944
130936
130936
130936
130936
   136
   136
   136
   136
   128
   128
   128
   128
   120
   120
   120
   120
   112
   112
   112
   104
   104
   104
   104
    96
    96
    96
    96
    88
    88
    88
    88
    80
    80
    80
    80
    80
    72
    72
    72
    72
    64
    64
    64
    64
    64
    56
    56
    56
