Command line:
   DDS_and_Hilbert_TB_isim_beh.exe
     -simmode  gui
     -simrunnum  0
     -socket  58788

Sat Sep 17 16:41:43 2022


 Elaboration Time: 0.156 sec

 Current Memory Usage: 1323.55 Meg

 Total Signals          : 216
 Total Nets             : 2983
 Total Signal Drivers   : 199
 Total Blocks           : 59
 Total Primitive Blocks : 3
 Total Processes        : 260
 Total Traceable Variables  : 81
 Total Scalar Nets and Variables : 8522
Total Line Count : 611

 Total Simulation Time: 0.234001 sec

 Current Memory Usage: 851.657 Meg

Sat Sep 17 16:43:38 2022

